The system is: Darwin - 20.6.0 - x86_64
Compiling the C compiler identification source file "CMakeCCompilerId.c" succeeded.
Compiler: /Library/Developer/CommandLineTools/usr/bin/cc 
Build flags: 
Id flags: -c 

The output was:
0


Compilation of the C compiler identification source "CMakeCCompilerId.c" produced "CMakeCCompilerId.o"

The C compiler identification is AppleClang, found in "/Users/loganschmitt/Documents/21f-pa03-blake-miller-and-logan-schmitt/cmake-build-debug/CMakeFiles/3.20.2/CompilerIdC/CMakeCCompilerId.o"

Compiling the CXX compiler identification source file "CMakeCXXCompilerId.cpp" succeeded.
Compiler: /usr/local/Cellar/gcc/9.2.0_3/bin/g++-9 
Build flags: 
Id flags:  

The output was:
0


Compilation of the CXX compiler identification source "CMakeCXXCompilerId.cpp" produced "a.out"

The CXX compiler identification is GNU, found in "/Users/loganschmitt/Documents/21f-pa03-blake-miller-and-logan-schmitt/cmake-build-debug/CMakeFiles/3.20.2/CompilerIdCXX/a.out"

Detecting C compiler ABI info compiled with the following output:
Change Dir: /Users/loganschmitt/Documents/21f-pa03-blake-miller-and-logan-schmitt/cmake-build-debug/CMakeFiles/CMakeTmp

Run Build Command(s):/usr/bin/make -f Makefile cmTC_80922/fast && /Library/Developer/CommandLineTools/usr/bin/make  -f CMakeFiles/cmTC_80922.dir/build.make CMakeFiles/cmTC_80922.dir/build
Building C object CMakeFiles/cmTC_80922.dir/CMakeCCompilerABI.c.o
/Library/Developer/CommandLineTools/usr/bin/cc   -isysroot /Library/Developer/CommandLineTools/SDKs/MacOSX11.3.sdk   -v -Wl,-v -MD -MT CMakeFiles/cmTC_80922.dir/CMakeCCompilerABI.c.o -MF CMakeFiles/cmTC_80922.dir/CMakeCCompilerABI.c.o.d -o CMakeFiles/cmTC_80922.dir/CMakeCCompilerABI.c.o -c /Applications/CLion.app/Contents/bin/cmake/mac/share/cmake-3.20/Modules/CMakeCCompilerABI.c
Apple clang version 13.0.0 (clang-1300.0.29.3)
Target: x86_64-apple-darwin20.6.0
Thread model: posix
InstalledDir: /Library/Developer/CommandLineTools/usr/bin
clang: warning: -Wl,-v: 'linker' input unused [-Wunused-command-line-argument]
 "/Library/Developer/CommandLineTools/usr/bin/clang" -cc1 -triple x86_64-apple-macosx11.0.0 -Wundef-prefix=TARGET_OS_ -Wdeprecated-objc-isa-usage -Werror=deprecated-objc-isa-usage -Werror=implicit-function-declaration -emit-obj -mrelax-all --mrelax-relocations -disable-free -disable-llvm-verifier -discard-value-names -main-file-name CMakeCCompilerABI.c -mrelocation-model pic -pic-level 2 -mframe-pointer=all -fno-strict-return -fno-rounding-math -munwind-tables -target-sdk-version=11.3 -fvisibility-inlines-hidden-static-local-var -target-cpu penryn -tune-cpu generic -debugger-tuning=lldb -target-linker-version 711 -v -resource-dir /Library/Developer/CommandLineTools/usr/lib/clang/13.0.0 -dependency-file CMakeFiles/cmTC_80922.dir/CMakeCCompilerABI.c.o.d -skip-unused-modulemap-deps -MT CMakeFiles/cmTC_80922.dir/CMakeCCompilerABI.c.o -sys-header-deps -isysroot /Library/Developer/CommandLineTools/SDKs/MacOSX11.3.sdk -internal-isystem /Library/Developer/CommandLineTools/SDKs/MacOSX11.3.sdk/usr/local/include -internal-isystem /Library/Developer/CommandLineTools/usr/lib/clang/13.0.0/include -internal-externc-isystem /Library/Developer/CommandLineTools/SDKs/MacOSX11.3.sdk/usr/include -internal-externc-isystem /Library/Developer/CommandLineTools/usr/include -Wno-reorder-init-list -Wno-implicit-int-float-conversion -Wno-c99-designator -Wno-final-dtor-non-final-class -Wno-extra-semi-stmt -Wno-misleading-indentation -Wno-quoted-include-in-framework-header -Wno-implicit-fallthrough -Wno-enum-enum-conversion -Wno-enum-float-conversion -Wno-elaborated-enum-base -fdebug-compilation-dir /Users/loganschmitt/Documents/21f-pa03-blake-miller-and-logan-schmitt/cmake-build-debug/CMakeFiles/CMakeTmp -ferror-limit 19 -stack-protector 1 -fstack-check -mdarwin-stkchk-strong-link -fblocks -fencode-extended-block-signature -fregister-global-dtors-with-atexit -fgnuc-version=4.2.1 -fmax-type-align=16 -fcommon -clang-vendor-feature=+nullptrToBoolConversion -clang-vendor-feature=+messageToSelfInClassMethodIdReturnType -clang-vendor-feature=+disableInferNewAvailabilityFromInit -clang-vendor-feature=+disableNeonImmediateRangeCheck -clang-vendor-feature=+disableNonDependentMemberExprInCurrentInstantiation -fno-odr-hash-protocols -clang-vendor-feature=+revert09abecef7bbf -mllvm -disable-aligned-alloc-awareness=1 -mllvm -enable-dse-memoryssa=0 -o CMakeFiles/cmTC_80922.dir/CMakeCCompilerABI.c.o -x c /Applications/CLion.app/Contents/bin/cmake/mac/share/cmake-3.20/Modules/CMakeCCompilerABI.c
clang -cc1 version 13.0.0 (clang-1300.0.29.3) default target x86_64-apple-darwin20.6.0
ignoring nonexistent directory "/Library/Developer/CommandLineTools/SDKs/MacOSX11.3.sdk/usr/local/include"
ignoring nonexistent directory "/Library/Developer/CommandLineTools/SDKs/MacOSX11.3.sdk/Library/Frameworks"
#include "..." search starts here:
#include <...> search starts here:
 /Library/Developer/CommandLineTools/usr/lib/clang/13.0.0/include
 /Library/Developer/CommandLineTools/SDKs/MacOSX11.3.sdk/usr/include
 /Library/Developer/CommandLineTools/usr/include
 /Library/Developer/CommandLineTools/SDKs/MacOSX11.3.sdk/System/Library/Frameworks (framework directory)
End of search list.
Linking C executable cmTC_80922
/Applications/CLion.app/Contents/bin/cmake/mac/bin/cmake -E cmake_link_script CMakeFiles/cmTC_80922.dir/link.txt --verbose=1
/Library/Developer/CommandLineTools/usr/bin/cc  -isysroot /Library/Developer/CommandLineTools/SDKs/MacOSX11.3.sdk -Wl,-search_paths_first -Wl,-headerpad_max_install_names  -v -Wl,-v CMakeFiles/cmTC_80922.dir/CMakeCCompilerABI.c.o -o cmTC_80922 
Apple clang version 13.0.0 (clang-1300.0.29.3)
Target: x86_64-apple-darwin20.6.0
Thread model: posix
InstalledDir: /Library/Developer/CommandLineTools/usr/bin
 "/Library/Developer/CommandLineTools/usr/bin/ld" -demangle -lto_library /Library/Developer/CommandLineTools/usr/lib/libLTO.dylib -dynamic -arch x86_64 -platform_version macos 11.0.0 11.3 -syslibroot /Library/Developer/CommandLineTools/SDKs/MacOSX11.3.sdk -o cmTC_80922 -search_paths_first -headerpad_max_install_names -v CMakeFiles/cmTC_80922.dir/CMakeCCompilerABI.c.o -lSystem /Library/Developer/CommandLineTools/usr/lib/clang/13.0.0/lib/darwin/libclang_rt.osx.a
@(#)PROGRAM:ld  PROJECT:ld64-711
BUILD 14:59:24 Aug 21 2021
configured to support archs: armv6 armv7 armv7s arm64 arm64e arm64_32 i386 x86_64 x86_64h armv6m armv7k armv7m armv7em
Library search paths:
	/Library/Developer/CommandLineTools/SDKs/MacOSX11.3.sdk/usr/lib
Framework search paths:
	/Library/Developer/CommandLineTools/SDKs/MacOSX11.3.sdk/System/Library/Frameworks/



Parsed C implicit include dir info from above output: rv=done
  found start of include info
  found start of implicit include info
    add: [/Library/Developer/CommandLineTools/usr/lib/clang/13.0.0/include]
    add: [/Library/Developer/CommandLineTools/SDKs/MacOSX11.3.sdk/usr/include]
    add: [/Library/Developer/CommandLineTools/usr/include]
  end of search list found
  collapse include dir [/Library/Developer/CommandLineTools/usr/lib/clang/13.0.0/include] ==> [/Library/Developer/CommandLineTools/usr/lib/clang/13.0.0/include]
  collapse include dir [/Library/Developer/CommandLineTools/SDKs/MacOSX11.3.sdk/usr/include] ==> [/Library/Developer/CommandLineTools/SDKs/MacOSX11.3.sdk/usr/include]
  collapse include dir [/Library/Developer/CommandLineTools/usr/include] ==> [/Library/Developer/CommandLineTools/usr/include]
  implicit include dirs: [/Library/Developer/CommandLineTools/usr/lib/clang/13.0.0/include;/Library/Developer/CommandLineTools/SDKs/MacOSX11.3.sdk/usr/include;/Library/Developer/CommandLineTools/usr/include]


Parsed C implicit link information from above output:
  link line regex: [^( *|.*[/\])(ld|CMAKE_LINK_STARTFILE-NOTFOUND|([^/\]+-)?ld|collect2)[^/\]*( |$)]
  ignore line: [Change Dir: /Users/loganschmitt/Documents/21f-pa03-blake-miller-and-logan-schmitt/cmake-build-debug/CMakeFiles/CMakeTmp]
  ignore line: []
  ignore line: [Run Build Command(s):/usr/bin/make -f Makefile cmTC_80922/fast && /Library/Developer/CommandLineTools/usr/bin/make  -f CMakeFiles/cmTC_80922.dir/build.make CMakeFiles/cmTC_80922.dir/build]
  ignore line: [Building C object CMakeFiles/cmTC_80922.dir/CMakeCCompilerABI.c.o]
  ignore line: [/Library/Developer/CommandLineTools/usr/bin/cc   -isysroot /Library/Developer/CommandLineTools/SDKs/MacOSX11.3.sdk   -v -Wl -v -MD -MT CMakeFiles/cmTC_80922.dir/CMakeCCompilerABI.c.o -MF CMakeFiles/cmTC_80922.dir/CMakeCCompilerABI.c.o.d -o CMakeFiles/cmTC_80922.dir/CMakeCCompilerABI.c.o -c /Applications/CLion.app/Contents/bin/cmake/mac/share/cmake-3.20/Modules/CMakeCCompilerABI.c]
  ignore line: [Apple clang version 13.0.0 (clang-1300.0.29.3)]
  ignore line: [Target: x86_64-apple-darwin20.6.0]
  ignore line: [Thread model: posix]
  ignore line: [InstalledDir: /Library/Developer/CommandLineTools/usr/bin]
  ignore line: [clang: warning: -Wl -v: 'linker' input unused [-Wunused-command-line-argument]]
  ignore line: [ "/Library/Developer/CommandLineTools/usr/bin/clang" -cc1 -triple x86_64-apple-macosx11.0.0 -Wundef-prefix=TARGET_OS_ -Wdeprecated-objc-isa-usage -Werror=deprecated-objc-isa-usage -Werror=implicit-function-declaration -emit-obj -mrelax-all --mrelax-relocations -disable-free -disable-llvm-verifier -discard-value-names -main-file-name CMakeCCompilerABI.c -mrelocation-model pic -pic-level 2 -mframe-pointer=all -fno-strict-return -fno-rounding-math -munwind-tables -target-sdk-version=11.3 -fvisibility-inlines-hidden-static-local-var -target-cpu penryn -tune-cpu generic -debugger-tuning=lldb -target-linker-version 711 -v -resource-dir /Library/Developer/CommandLineTools/usr/lib/clang/13.0.0 -dependency-file CMakeFiles/cmTC_80922.dir/CMakeCCompilerABI.c.o.d -skip-unused-modulemap-deps -MT CMakeFiles/cmTC_80922.dir/CMakeCCompilerABI.c.o -sys-header-deps -isysroot /Library/Developer/CommandLineTools/SDKs/MacOSX11.3.sdk -internal-isystem /Library/Developer/CommandLineTools/SDKs/MacOSX11.3.sdk/usr/local/include -internal-isystem /Library/Developer/CommandLineTools/usr/lib/clang/13.0.0/include -internal-externc-isystem /Library/Developer/CommandLineTools/SDKs/MacOSX11.3.sdk/usr/include -internal-externc-isystem /Library/Developer/CommandLineTools/usr/include -Wno-reorder-init-list -Wno-implicit-int-float-conversion -Wno-c99-designator -Wno-final-dtor-non-final-class -Wno-extra-semi-stmt -Wno-misleading-indentation -Wno-quoted-include-in-framework-header -Wno-implicit-fallthrough -Wno-enum-enum-conversion -Wno-enum-float-conversion -Wno-elaborated-enum-base -fdebug-compilation-dir /Users/loganschmitt/Documents/21f-pa03-blake-miller-and-logan-schmitt/cmake-build-debug/CMakeFiles/CMakeTmp -ferror-limit 19 -stack-protector 1 -fstack-check -mdarwin-stkchk-strong-link -fblocks -fencode-extended-block-signature -fregister-global-dtors-with-atexit -fgnuc-version=4.2.1 -fmax-type-align=16 -fcommon -clang-vendor-feature=+nullptrToBoolConversion -clang-vendor-feature=+messageToSelfInClassMethodIdReturnType -clang-vendor-feature=+disableInferNewAvailabilityFromInit -clang-vendor-feature=+disableNeonImmediateRangeCheck -clang-vendor-feature=+disableNonDependentMemberExprInCurrentInstantiation -fno-odr-hash-protocols -clang-vendor-feature=+revert09abecef7bbf -mllvm -disable-aligned-alloc-awareness=1 -mllvm -enable-dse-memoryssa=0 -o CMakeFiles/cmTC_80922.dir/CMakeCCompilerABI.c.o -x c /Applications/CLion.app/Contents/bin/cmake/mac/share/cmake-3.20/Modules/CMakeCCompilerABI.c]
  ignore line: [clang -cc1 version 13.0.0 (clang-1300.0.29.3) default target x86_64-apple-darwin20.6.0]
  ignore line: [ignoring nonexistent directory "/Library/Developer/CommandLineTools/SDKs/MacOSX11.3.sdk/usr/local/include"]
  ignore line: [ignoring nonexistent directory "/Library/Developer/CommandLineTools/SDKs/MacOSX11.3.sdk/Library/Frameworks"]
  ignore line: [#include "..." search starts here:]
  ignore line: [#include <...> search starts here:]
  ignore line: [ /Library/Developer/CommandLineTools/usr/lib/clang/13.0.0/include]
  ignore line: [ /Library/Developer/CommandLineTools/SDKs/MacOSX11.3.sdk/usr/include]
  ignore line: [ /Library/Developer/CommandLineTools/usr/include]
  ignore line: [ /Library/Developer/CommandLineTools/SDKs/MacOSX11.3.sdk/System/Library/Frameworks (framework directory)]
  ignore line: [End of search list.]
  ignore line: [Linking C executable cmTC_80922]
  ignore line: [/Applications/CLion.app/Contents/bin/cmake/mac/bin/cmake -E cmake_link_script CMakeFiles/cmTC_80922.dir/link.txt --verbose=1]
  ignore line: [/Library/Developer/CommandLineTools/usr/bin/cc  -isysroot /Library/Developer/CommandLineTools/SDKs/MacOSX11.3.sdk -Wl -search_paths_first -Wl -headerpad_max_install_names  -v -Wl -v CMakeFiles/cmTC_80922.dir/CMakeCCompilerABI.c.o -o cmTC_80922 ]
  ignore line: [Apple clang version 13.0.0 (clang-1300.0.29.3)]
  ignore line: [Target: x86_64-apple-darwin20.6.0]
  ignore line: [Thread model: posix]
  ignore line: [InstalledDir: /Library/Developer/CommandLineTools/usr/bin]
  link line: [ "/Library/Developer/CommandLineTools/usr/bin/ld" -demangle -lto_library /Library/Developer/CommandLineTools/usr/lib/libLTO.dylib -dynamic -arch x86_64 -platform_version macos 11.0.0 11.3 -syslibroot /Library/Developer/CommandLineTools/SDKs/MacOSX11.3.sdk -o cmTC_80922 -search_paths_first -headerpad_max_install_names -v CMakeFiles/cmTC_80922.dir/CMakeCCompilerABI.c.o -lSystem /Library/Developer/CommandLineTools/usr/lib/clang/13.0.0/lib/darwin/libclang_rt.osx.a]
    arg [/Library/Developer/CommandLineTools/usr/bin/ld] ==> ignore
    arg [-demangle] ==> ignore
    arg [-lto_library] ==> ignore, skip following value
    arg [/Library/Developer/CommandLineTools/usr/lib/libLTO.dylib] ==> skip value of -lto_library
    arg [-dynamic] ==> ignore
    arg [-arch] ==> ignore
    arg [x86_64] ==> ignore
    arg [-platform_version] ==> ignore
    arg [macos] ==> ignore
    arg [11.0.0] ==> ignore
    arg [11.3] ==> ignore
    arg [-syslibroot] ==> ignore
    arg [/Library/Developer/CommandLineTools/SDKs/MacOSX11.3.sdk] ==> ignore
    arg [-o] ==> ignore
    arg [cmTC_80922] ==> ignore
    arg [-search_paths_first] ==> ignore
    arg [-headerpad_max_install_names] ==> ignore
    arg [-v] ==> ignore
    arg [CMakeFiles/cmTC_80922.dir/CMakeCCompilerABI.c.o] ==> ignore
    arg [-lSystem] ==> lib [System]
    arg [/Library/Developer/CommandLineTools/usr/lib/clang/13.0.0/lib/darwin/libclang_rt.osx.a] ==> lib [/Library/Developer/CommandLineTools/usr/lib/clang/13.0.0/lib/darwin/libclang_rt.osx.a]
  Library search paths: [;/Library/Developer/CommandLineTools/SDKs/MacOSX11.3.sdk/usr/lib]
  Framework search paths: [;/Library/Developer/CommandLineTools/SDKs/MacOSX11.3.sdk/System/Library/Frameworks/]
  remove lib [System]
  remove lib [/Library/Developer/CommandLineTools/usr/lib/clang/13.0.0/lib/darwin/libclang_rt.osx.a]
  collapse library dir [/Library/Developer/CommandLineTools/SDKs/MacOSX11.3.sdk/usr/lib] ==> [/Library/Developer/CommandLineTools/SDKs/MacOSX11.3.sdk/usr/lib]
  collapse framework dir [/Library/Developer/CommandLineTools/SDKs/MacOSX11.3.sdk/System/Library/Frameworks/] ==> [/Library/Developer/CommandLineTools/SDKs/MacOSX11.3.sdk/System/Library/Frameworks]
  implicit libs: []
  implicit objs: []
  implicit dirs: [/Library/Developer/CommandLineTools/SDKs/MacOSX11.3.sdk/usr/lib]
  implicit fwks: [/Library/Developer/CommandLineTools/SDKs/MacOSX11.3.sdk/System/Library/Frameworks]


Detecting CXX compiler ABI info compiled with the following output:
Change Dir: /Users/loganschmitt/Documents/21f-pa03-blake-miller-and-logan-schmitt/cmake-build-debug/CMakeFiles/CMakeTmp

Run Build Command(s):/usr/bin/make -f Makefile cmTC_d376d/fast && /Library/Developer/CommandLineTools/usr/bin/make  -f CMakeFiles/cmTC_d376d.dir/build.make CMakeFiles/cmTC_d376d.dir/build
Building CXX object CMakeFiles/cmTC_d376d.dir/CMakeCXXCompilerABI.cpp.o
/usr/local/Cellar/gcc/9.2.0_3/bin/g++-9   -isysroot /Library/Developer/CommandLineTools/SDKs/MacOSX11.3.sdk   -v -Wl,-v -o CMakeFiles/cmTC_d376d.dir/CMakeCXXCompilerABI.cpp.o -c /Applications/CLion.app/Contents/bin/cmake/mac/share/cmake-3.20/Modules/CMakeCXXCompilerABI.cpp
Using built-in specs.
COLLECT_GCC=/usr/local/Cellar/gcc/9.2.0_3/bin/g++-9
Target: x86_64-apple-darwin19
Configured with: ../configure --build=x86_64-apple-darwin19 --prefix=/usr/local/Cellar/gcc/9.2.0_3 --libdir=/usr/local/Cellar/gcc/9.2.0_3/lib/gcc/9 --disable-nls --enable-checking=release --enable-languages=c,c++,objc,obj-c++,fortran --program-suffix=-9 --with-gmp=/usr/local/opt/gmp --with-mpfr=/usr/local/opt/mpfr --with-mpc=/usr/local/opt/libmpc --with-isl=/usr/local/opt/isl --with-system-zlib --with-pkgversion='Homebrew GCC 9.2.0_3' --with-bugurl=https://github.com/Homebrew/homebrew-core/issues --disable-multilib --with-native-system-header-dir=/usr/include --with-sysroot=/Library/Developer/CommandLineTools/SDKs/MacOSX10.15.sdk
Thread model: posix
gcc version 9.2.0 (Homebrew GCC 9.2.0_3) 
COLLECT_GCC_OPTIONS='-isysroot' '/Library/Developer/CommandLineTools/SDKs/MacOSX11.3.sdk' '-v' '-o' 'CMakeFiles/cmTC_d376d.dir/CMakeCXXCompilerABI.cpp.o' '-c' '-mmacosx-version-min=10.16.0' '-asm_macosx_version_min=10.16' '-shared-libgcc' '-mtune=core2'
 /usr/local/Cellar/gcc/9.2.0_3/libexec/gcc/x86_64-apple-darwin19/9.2.0/cc1plus -quiet -v -D__DYNAMIC__ -isysroot /Library/Developer/CommandLineTools/SDKs/MacOSX11.3.sdk /Applications/CLion.app/Contents/bin/cmake/mac/share/cmake-3.20/Modules/CMakeCXXCompilerABI.cpp -fPIC -quiet -dumpbase CMakeCXXCompilerABI.cpp -mmacosx-version-min=10.16.0 -mtune=core2 -auxbase-strip CMakeFiles/cmTC_d376d.dir/CMakeCXXCompilerABI.cpp.o -version -o /var/folders/s5/0k_zdnms2wgg8znyrpwb53280000gn/T//ccHy4xyz.s
GNU C++14 (Homebrew GCC 9.2.0_3) version 9.2.0 (x86_64-apple-darwin19)
	compiled by GNU C version 9.2.0, GMP version 6.1.2, MPFR version 4.0.2, MPC version 1.1.0, isl version isl-0.22-GMP

GGC heuristics: --param ggc-min-expand=100 --param ggc-min-heapsize=131072
ignoring nonexistent directory "/Library/Developer/CommandLineTools/SDKs/MacOSX11.3.sdk/usr/local/include"
ignoring nonexistent directory "/usr/local/Cellar/gcc/9.2.0_3/lib/gcc/9/gcc/x86_64-apple-darwin19/9.2.0/../../../../../../x86_64-apple-darwin19/include"
ignoring nonexistent directory "/Library/Developer/CommandLineTools/SDKs/MacOSX11.3.sdk/Library/Frameworks"
#include "..." search starts here:
#include <...> search starts here:
 /usr/local/Cellar/gcc/9.2.0_3/lib/gcc/9/gcc/x86_64-apple-darwin19/9.2.0/../../../../../../include/c++/9.2.0
 /usr/local/Cellar/gcc/9.2.0_3/lib/gcc/9/gcc/x86_64-apple-darwin19/9.2.0/../../../../../../include/c++/9.2.0/x86_64-apple-darwin19
 /usr/local/Cellar/gcc/9.2.0_3/lib/gcc/9/gcc/x86_64-apple-darwin19/9.2.0/../../../../../../include/c++/9.2.0/backward
 /usr/local/Cellar/gcc/9.2.0_3/lib/gcc/9/gcc/x86_64-apple-darwin19/9.2.0/include
 /usr/local/Cellar/gcc/9.2.0_3/lib/gcc/9/gcc/x86_64-apple-darwin19/9.2.0/include-fixed
 /Library/Developer/CommandLineTools/SDKs/MacOSX11.3.sdk/usr/include
 /Library/Developer/CommandLineTools/SDKs/MacOSX11.3.sdk/System/Library/Frameworks
End of search list.
GNU C++14 (Homebrew GCC 9.2.0_3) version 9.2.0 (x86_64-apple-darwin19)
	compiled by GNU C version 9.2.0, GMP version 6.1.2, MPFR version 4.0.2, MPC version 1.1.0, isl version isl-0.22-GMP

GGC heuristics: --param ggc-min-expand=100 --param ggc-min-heapsize=131072
Compiler executable checksum: 2a9ac0a682821718d408540aa7c7dc65
COLLECT_GCC_OPTIONS='-isysroot' '/Library/Developer/CommandLineTools/SDKs/MacOSX11.3.sdk' '-v' '-o' 'CMakeFiles/cmTC_d376d.dir/CMakeCXXCompilerABI.cpp.o' '-c' '-mmacosx-version-min=10.16.0'  '-shared-libgcc' '-mtune=core2'
 as -arch x86_64 -v -force_cpusubtype_ALL -mmacosx-version-min=10.16 -o CMakeFiles/cmTC_d376d.dir/CMakeCXXCompilerABI.cpp.o /var/folders/s5/0k_zdnms2wgg8znyrpwb53280000gn/T//ccHy4xyz.s
Apple clang version 13.0.0 (clang-1300.0.29.3)
Target: x86_64-apple-darwin20.6.0
Thread model: posix
InstalledDir: /Library/Developer/CommandLineTools/usr/bin
 "/Library/Developer/CommandLineTools/usr/bin/clang" -cc1as -triple x86_64-apple-macosx10.16.0 -filetype obj -main-file-name ccHy4xyz.s -target-cpu penryn -fdebug-compilation-dir /Users/loganschmitt/Documents/21f-pa03-blake-miller-and-logan-schmitt/cmake-build-debug/CMakeFiles/CMakeTmp -dwarf-debug-producer "Apple clang version 13.0.0 (clang-1300.0.29.3)" -dwarf-version=4 -mrelocation-model pic --mrelax-relocations -mllvm -disable-aligned-alloc-awareness=1 -mllvm -enable-dse-memoryssa=0 -o CMakeFiles/cmTC_d376d.dir/CMakeCXXCompilerABI.cpp.o /var/folders/s5/0k_zdnms2wgg8znyrpwb53280000gn/T//ccHy4xyz.s
COMPILER_PATH=/usr/local/Cellar/gcc/9.2.0_3/libexec/gcc/x86_64-apple-darwin19/9.2.0/:/usr/local/Cellar/gcc/9.2.0_3/libexec/gcc/x86_64-apple-darwin19/9.2.0/:/usr/local/Cellar/gcc/9.2.0_3/libexec/gcc/x86_64-apple-darwin19/:/usr/local/Cellar/gcc/9.2.0_3/lib/gcc/9/gcc/x86_64-apple-darwin19/9.2.0/:/usr/local/Cellar/gcc/9.2.0_3/lib/gcc/9/gcc/x86_64-apple-darwin19/
LIBRARY_PATH=/usr/local/Cellar/gcc/9.2.0_3/lib/gcc/9/gcc/x86_64-apple-darwin19/9.2.0/:/usr/local/Cellar/gcc/9.2.0_3/lib/gcc/9/gcc/x86_64-apple-darwin19/9.2.0/../../../
COLLECT_GCC_OPTIONS='-isysroot' '/Library/Developer/CommandLineTools/SDKs/MacOSX11.3.sdk' '-v' '-o' 'CMakeFiles/cmTC_d376d.dir/CMakeCXXCompilerABI.cpp.o' '-c' '-mmacosx-version-min=10.16.0'  '-shared-libgcc' '-mtune=core2'
Linking CXX executable cmTC_d376d
/Applications/CLion.app/Contents/bin/cmake/mac/bin/cmake -E cmake_link_script CMakeFiles/cmTC_d376d.dir/link.txt --verbose=1
/usr/local/Cellar/gcc/9.2.0_3/bin/g++-9  -isysroot /Library/Developer/CommandLineTools/SDKs/MacOSX11.3.sdk -Wl,-search_paths_first -Wl,-headerpad_max_install_names  -v -Wl,-v CMakeFiles/cmTC_d376d.dir/CMakeCXXCompilerABI.cpp.o -o cmTC_d376d 
Using built-in specs.
COLLECT_GCC=/usr/local/Cellar/gcc/9.2.0_3/bin/g++-9
COLLECT_LTO_WRAPPER=/usr/local/Cellar/gcc/9.2.0_3/libexec/gcc/x86_64-apple-darwin19/9.2.0/lto-wrapper
Target: x86_64-apple-darwin19
Configured with: ../configure --build=x86_64-apple-darwin19 --prefix=/usr/local/Cellar/gcc/9.2.0_3 --libdir=/usr/local/Cellar/gcc/9.2.0_3/lib/gcc/9 --disable-nls --enable-checking=release --enable-languages=c,c++,objc,obj-c++,fortran --program-suffix=-9 --with-gmp=/usr/local/opt/gmp --with-mpfr=/usr/local/opt/mpfr --with-mpc=/usr/local/opt/libmpc --with-isl=/usr/local/opt/isl --with-system-zlib --with-pkgversion='Homebrew GCC 9.2.0_3' --with-bugurl=https://github.com/Homebrew/homebrew-core/issues --disable-multilib --with-native-system-header-dir=/usr/include --with-sysroot=/Library/Developer/CommandLineTools/SDKs/MacOSX10.15.sdk
Thread model: posix
gcc version 9.2.0 (Homebrew GCC 9.2.0_3) 
COMPILER_PATH=/usr/local/Cellar/gcc/9.2.0_3/libexec/gcc/x86_64-apple-darwin19/9.2.0/:/usr/local/Cellar/gcc/9.2.0_3/libexec/gcc/x86_64-apple-darwin19/9.2.0/:/usr/local/Cellar/gcc/9.2.0_3/libexec/gcc/x86_64-apple-darwin19/:/usr/local/Cellar/gcc/9.2.0_3/lib/gcc/9/gcc/x86_64-apple-darwin19/9.2.0/:/usr/local/Cellar/gcc/9.2.0_3/lib/gcc/9/gcc/x86_64-apple-darwin19/
LIBRARY_PATH=/usr/local/Cellar/gcc/9.2.0_3/lib/gcc/9/gcc/x86_64-apple-darwin19/9.2.0/:/usr/local/Cellar/gcc/9.2.0_3/lib/gcc/9/gcc/x86_64-apple-darwin19/9.2.0/../../../
COLLECT_GCC_OPTIONS='-isysroot' '/Library/Developer/CommandLineTools/SDKs/MacOSX11.3.sdk' '-v' '-o' 'cmTC_d376d' '-mmacosx-version-min=10.16.0' '-asm_macosx_version_min=10.16' '-shared-libgcc' '-mtune=core2'
 /usr/local/Cellar/gcc/9.2.0_3/libexec/gcc/x86_64-apple-darwin19/9.2.0/collect2 -dynamic -arch x86_64 -macosx_version_min 10.16.0 -syslibroot /Library/Developer/CommandLineTools/SDKs/MacOSX11.3.sdk -weak_reference_mismatches non-weak -o cmTC_d376d -L/usr/local/Cellar/gcc/9.2.0_3/lib/gcc/9/gcc/x86_64-apple-darwin19/9.2.0 -L/usr/local/Cellar/gcc/9.2.0_3/lib/gcc/9/gcc/x86_64-apple-darwin19/9.2.0/../../.. -search_paths_first -headerpad_max_install_names -v CMakeFiles/cmTC_d376d.dir/CMakeCXXCompilerABI.cpp.o -lstdc++ -no_compact_unwind -lSystem -lgcc_ext.10.5 -lgcc -lSystem -v
collect2 version 9.2.0
/usr/bin/ld -dynamic -arch x86_64 -macosx_version_min 10.16.0 -syslibroot /Library/Developer/CommandLineTools/SDKs/MacOSX11.3.sdk -weak_reference_mismatches non-weak -o cmTC_d376d -L/usr/local/Cellar/gcc/9.2.0_3/lib/gcc/9/gcc/x86_64-apple-darwin19/9.2.0 -L/usr/local/Cellar/gcc/9.2.0_3/lib/gcc/9/gcc/x86_64-apple-darwin19/9.2.0/../../.. -search_paths_first -headerpad_max_install_names -v CMakeFiles/cmTC_d376d.dir/CMakeCXXCompilerABI.cpp.o -lstdc++ -no_compact_unwind -lSystem -lgcc_ext.10.5 -lgcc -lSystem -v
@(#)PROGRAM:ld  PROJECT:ld64-711
BUILD 14:59:24 Aug 21 2021
configured to support archs: armv6 armv7 armv7s arm64 arm64e arm64_32 i386 x86_64 x86_64h armv6m armv7k armv7m armv7em
@(#)PROGRAM:ld  PROJECT:ld64-711
BUILD 14:59:24 Aug 21 2021
configured to support archs: armv6 armv7 armv7s arm64 arm64e arm64_32 i386 x86_64 x86_64h armv6m armv7k armv7m armv7em
Library search paths:
	/usr/local/Cellar/gcc/9.2.0_3/lib/gcc/9/gcc/x86_64-apple-darwin19/9.2.0
	/usr/local/Cellar/gcc/9.2.0_3/lib/gcc/9
	/Library/Developer/CommandLineTools/SDKs/MacOSX11.3.sdk/usr/lib
Framework search paths:
	/Library/Developer/CommandLineTools/SDKs/MacOSX11.3.sdk/System/Library/Frameworks/



Parsed CXX implicit include dir info from above output: rv=done
  found start of include info
  found start of implicit include info
    add: [/usr/local/Cellar/gcc/9.2.0_3/lib/gcc/9/gcc/x86_64-apple-darwin19/9.2.0/../../../../../../include/c++/9.2.0]
    add: [/usr/local/Cellar/gcc/9.2.0_3/lib/gcc/9/gcc/x86_64-apple-darwin19/9.2.0/../../../../../../include/c++/9.2.0/x86_64-apple-darwin19]
    add: [/usr/local/Cellar/gcc/9.2.0_3/lib/gcc/9/gcc/x86_64-apple-darwin19/9.2.0/../../../../../../include/c++/9.2.0/backward]
    add: [/usr/local/Cellar/gcc/9.2.0_3/lib/gcc/9/gcc/x86_64-apple-darwin19/9.2.0/include]
    add: [/usr/local/Cellar/gcc/9.2.0_3/lib/gcc/9/gcc/x86_64-apple-darwin19/9.2.0/include-fixed]
    add: [/Library/Developer/CommandLineTools/SDKs/MacOSX11.3.sdk/usr/include]
    add: [/Library/Developer/CommandLineTools/SDKs/MacOSX11.3.sdk/System/Library/Frameworks]
  end of search list found
  collapse include dir [/usr/local/Cellar/gcc/9.2.0_3/lib/gcc/9/gcc/x86_64-apple-darwin19/9.2.0/../../../../../../include/c++/9.2.0] ==> [/usr/local/Cellar/gcc/9.2.0_3/include/c++/9.2.0]
  collapse include dir [/usr/local/Cellar/gcc/9.2.0_3/lib/gcc/9/gcc/x86_64-apple-darwin19/9.2.0/../../../../../../include/c++/9.2.0/x86_64-apple-darwin19] ==> [/usr/local/Cellar/gcc/9.2.0_3/include/c++/9.2.0/x86_64-apple-darwin19]
  collapse include dir [/usr/local/Cellar/gcc/9.2.0_3/lib/gcc/9/gcc/x86_64-apple-darwin19/9.2.0/../../../../../../include/c++/9.2.0/backward] ==> [/usr/local/Cellar/gcc/9.2.0_3/include/c++/9.2.0/backward]
  collapse include dir [/usr/local/Cellar/gcc/9.2.0_3/lib/gcc/9/gcc/x86_64-apple-darwin19/9.2.0/include] ==> [/usr/local/Cellar/gcc/9.2.0_3/lib/gcc/9/gcc/x86_64-apple-darwin19/9.2.0/include]
  collapse include dir [/usr/local/Cellar/gcc/9.2.0_3/lib/gcc/9/gcc/x86_64-apple-darwin19/9.2.0/include-fixed] ==> [/usr/local/Cellar/gcc/9.2.0_3/lib/gcc/9/gcc/x86_64-apple-darwin19/9.2.0/include-fixed]
  collapse include dir [/Library/Developer/CommandLineTools/SDKs/MacOSX11.3.sdk/usr/include] ==> [/Library/Developer/CommandLineTools/SDKs/MacOSX11.3.sdk/usr/include]
  collapse include dir [/Library/Developer/CommandLineTools/SDKs/MacOSX11.3.sdk/System/Library/Frameworks] ==> [/Library/Developer/CommandLineTools/SDKs/MacOSX11.3.sdk/System/Library/Frameworks]
  implicit include dirs: [/usr/local/Cellar/gcc/9.2.0_3/include/c++/9.2.0;/usr/local/Cellar/gcc/9.2.0_3/include/c++/9.2.0/x86_64-apple-darwin19;/usr/local/Cellar/gcc/9.2.0_3/include/c++/9.2.0/backward;/usr/local/Cellar/gcc/9.2.0_3/lib/gcc/9/gcc/x86_64-apple-darwin19/9.2.0/include;/usr/local/Cellar/gcc/9.2.0_3/lib/gcc/9/gcc/x86_64-apple-darwin19/9.2.0/include-fixed;/Library/Developer/CommandLineTools/SDKs/MacOSX11.3.sdk/usr/include;/Library/Developer/CommandLineTools/SDKs/MacOSX11.3.sdk/System/Library/Frameworks]


Parsed CXX implicit link information from above output:
  link line regex: [^( *|.*[/\])(ld|CMAKE_LINK_STARTFILE-NOTFOUND|([^/\]+-)?ld|collect2)[^/\]*( |$)]
  ignore line: [Change Dir: /Users/loganschmitt/Documents/21f-pa03-blake-miller-and-logan-schmitt/cmake-build-debug/CMakeFiles/CMakeTmp]
  ignore line: []
  ignore line: [Run Build Command(s):/usr/bin/make -f Makefile cmTC_d376d/fast && /Library/Developer/CommandLineTools/usr/bin/make  -f CMakeFiles/cmTC_d376d.dir/build.make CMakeFiles/cmTC_d376d.dir/build]
  ignore line: [Building CXX object CMakeFiles/cmTC_d376d.dir/CMakeCXXCompilerABI.cpp.o]
  ignore line: [/usr/local/Cellar/gcc/9.2.0_3/bin/g++-9   -isysroot /Library/Developer/CommandLineTools/SDKs/MacOSX11.3.sdk   -v -Wl -v -o CMakeFiles/cmTC_d376d.dir/CMakeCXXCompilerABI.cpp.o -c /Applications/CLion.app/Contents/bin/cmake/mac/share/cmake-3.20/Modules/CMakeCXXCompilerABI.cpp]
  ignore line: [Using built-in specs.]
  ignore line: [COLLECT_GCC=/usr/local/Cellar/gcc/9.2.0_3/bin/g++-9]
  ignore line: [Target: x86_64-apple-darwin19]
  ignore line: [Configured with: ../configure --build=x86_64-apple-darwin19 --prefix=/usr/local/Cellar/gcc/9.2.0_3 --libdir=/usr/local/Cellar/gcc/9.2.0_3/lib/gcc/9 --disable-nls --enable-checking=release --enable-languages=c c++ objc obj-c++ fortran --program-suffix=-9 --with-gmp=/usr/local/opt/gmp --with-mpfr=/usr/local/opt/mpfr --with-mpc=/usr/local/opt/libmpc --with-isl=/usr/local/opt/isl --with-system-zlib --with-pkgversion='Homebrew GCC 9.2.0_3' --with-bugurl=https://github.com/Homebrew/homebrew-core/issues --disable-multilib --with-native-system-header-dir=/usr/include --with-sysroot=/Library/Developer/CommandLineTools/SDKs/MacOSX10.15.sdk]
  ignore line: [Thread model: posix]
  ignore line: [gcc version 9.2.0 (Homebrew GCC 9.2.0_3) ]
  ignore line: [COLLECT_GCC_OPTIONS='-isysroot' '/Library/Developer/CommandLineTools/SDKs/MacOSX11.3.sdk' '-v' '-o' 'CMakeFiles/cmTC_d376d.dir/CMakeCXXCompilerABI.cpp.o' '-c' '-mmacosx-version-min=10.16.0' '-asm_macosx_version_min=10.16' '-shared-libgcc' '-mtune=core2']
  ignore line: [ /usr/local/Cellar/gcc/9.2.0_3/libexec/gcc/x86_64-apple-darwin19/9.2.0/cc1plus -quiet -v -D__DYNAMIC__ -isysroot /Library/Developer/CommandLineTools/SDKs/MacOSX11.3.sdk /Applications/CLion.app/Contents/bin/cmake/mac/share/cmake-3.20/Modules/CMakeCXXCompilerABI.cpp -fPIC -quiet -dumpbase CMakeCXXCompilerABI.cpp -mmacosx-version-min=10.16.0 -mtune=core2 -auxbase-strip CMakeFiles/cmTC_d376d.dir/CMakeCXXCompilerABI.cpp.o -version -o /var/folders/s5/0k_zdnms2wgg8znyrpwb53280000gn/T//ccHy4xyz.s]
  ignore line: [GNU C++14 (Homebrew GCC 9.2.0_3) version 9.2.0 (x86_64-apple-darwin19)]
  ignore line: [	compiled by GNU C version 9.2.0  GMP version 6.1.2  MPFR version 4.0.2  MPC version 1.1.0  isl version isl-0.22-GMP]
  ignore line: []
  ignore line: [GGC heuristics: --param ggc-min-expand=100 --param ggc-min-heapsize=131072]
  ignore line: [ignoring nonexistent directory "/Library/Developer/CommandLineTools/SDKs/MacOSX11.3.sdk/usr/local/include"]
  ignore line: [ignoring nonexistent directory "/usr/local/Cellar/gcc/9.2.0_3/lib/gcc/9/gcc/x86_64-apple-darwin19/9.2.0/../../../../../../x86_64-apple-darwin19/include"]
  ignore line: [ignoring nonexistent directory "/Library/Developer/CommandLineTools/SDKs/MacOSX11.3.sdk/Library/Frameworks"]
  ignore line: [#include "..." search starts here:]
  ignore line: [#include <...> search starts here:]
  ignore line: [ /usr/local/Cellar/gcc/9.2.0_3/lib/gcc/9/gcc/x86_64-apple-darwin19/9.2.0/../../../../../../include/c++/9.2.0]
  ignore line: [ /usr/local/Cellar/gcc/9.2.0_3/lib/gcc/9/gcc/x86_64-apple-darwin19/9.2.0/../../../../../../include/c++/9.2.0/x86_64-apple-darwin19]
  ignore line: [ /usr/local/Cellar/gcc/9.2.0_3/lib/gcc/9/gcc/x86_64-apple-darwin19/9.2.0/../../../../../../include/c++/9.2.0/backward]
  ignore line: [ /usr/local/Cellar/gcc/9.2.0_3/lib/gcc/9/gcc/x86_64-apple-darwin19/9.2.0/include]
  ignore line: [ /usr/local/Cellar/gcc/9.2.0_3/lib/gcc/9/gcc/x86_64-apple-darwin19/9.2.0/include-fixed]
  ignore line: [ /Library/Developer/CommandLineTools/SDKs/MacOSX11.3.sdk/usr/include]
  ignore line: [ /Library/Developer/CommandLineTools/SDKs/MacOSX11.3.sdk/System/Library/Frameworks]
  ignore line: [End of search list.]
  ignore line: [GNU C++14 (Homebrew GCC 9.2.0_3) version 9.2.0 (x86_64-apple-darwin19)]
  ignore line: [	compiled by GNU C version 9.2.0  GMP version 6.1.2  MPFR version 4.0.2  MPC version 1.1.0  isl version isl-0.22-GMP]
  ignore line: []
  ignore line: [GGC heuristics: --param ggc-min-expand=100 --param ggc-min-heapsize=131072]
  ignore line: [Compiler executable checksum: 2a9ac0a682821718d408540aa7c7dc65]
  ignore line: [COLLECT_GCC_OPTIONS='-isysroot' '/Library/Developer/CommandLineTools/SDKs/MacOSX11.3.sdk' '-v' '-o' 'CMakeFiles/cmTC_d376d.dir/CMakeCXXCompilerABI.cpp.o' '-c' '-mmacosx-version-min=10.16.0'  '-shared-libgcc' '-mtune=core2']
  ignore line: [ as -arch x86_64 -v -force_cpusubtype_ALL -mmacosx-version-min=10.16 -o CMakeFiles/cmTC_d376d.dir/CMakeCXXCompilerABI.cpp.o /var/folders/s5/0k_zdnms2wgg8znyrpwb53280000gn/T//ccHy4xyz.s]
  ignore line: [Apple clang version 13.0.0 (clang-1300.0.29.3)]
  ignore line: [Target: x86_64-apple-darwin20.6.0]
  ignore line: [Thread model: posix]
  ignore line: [InstalledDir: /Library/Developer/CommandLineTools/usr/bin]
  ignore line: [ "/Library/Developer/CommandLineTools/usr/bin/clang" -cc1as -triple x86_64-apple-macosx10.16.0 -filetype obj -main-file-name ccHy4xyz.s -target-cpu penryn -fdebug-compilation-dir /Users/loganschmitt/Documents/21f-pa03-blake-miller-and-logan-schmitt/cmake-build-debug/CMakeFiles/CMakeTmp -dwarf-debug-producer "Apple clang version 13.0.0 (clang-1300.0.29.3)" -dwarf-version=4 -mrelocation-model pic --mrelax-relocations -mllvm -disable-aligned-alloc-awareness=1 -mllvm -enable-dse-memoryssa=0 -o CMakeFiles/cmTC_d376d.dir/CMakeCXXCompilerABI.cpp.o /var/folders/s5/0k_zdnms2wgg8znyrpwb53280000gn/T//ccHy4xyz.s]
  ignore line: [COMPILER_PATH=/usr/local/Cellar/gcc/9.2.0_3/libexec/gcc/x86_64-apple-darwin19/9.2.0/:/usr/local/Cellar/gcc/9.2.0_3/libexec/gcc/x86_64-apple-darwin19/9.2.0/:/usr/local/Cellar/gcc/9.2.0_3/libexec/gcc/x86_64-apple-darwin19/:/usr/local/Cellar/gcc/9.2.0_3/lib/gcc/9/gcc/x86_64-apple-darwin19/9.2.0/:/usr/local/Cellar/gcc/9.2.0_3/lib/gcc/9/gcc/x86_64-apple-darwin19/]
  ignore line: [LIBRARY_PATH=/usr/local/Cellar/gcc/9.2.0_3/lib/gcc/9/gcc/x86_64-apple-darwin19/9.2.0/:/usr/local/Cellar/gcc/9.2.0_3/lib/gcc/9/gcc/x86_64-apple-darwin19/9.2.0/../../../]
  ignore line: [COLLECT_GCC_OPTIONS='-isysroot' '/Library/Developer/CommandLineTools/SDKs/MacOSX11.3.sdk' '-v' '-o' 'CMakeFiles/cmTC_d376d.dir/CMakeCXXCompilerABI.cpp.o' '-c' '-mmacosx-version-min=10.16.0'  '-shared-libgcc' '-mtune=core2']
  ignore line: [Linking CXX executable cmTC_d376d]
  ignore line: [/Applications/CLion.app/Contents/bin/cmake/mac/bin/cmake -E cmake_link_script CMakeFiles/cmTC_d376d.dir/link.txt --verbose=1]
  ignore line: [/usr/local/Cellar/gcc/9.2.0_3/bin/g++-9  -isysroot /Library/Developer/CommandLineTools/SDKs/MacOSX11.3.sdk -Wl -search_paths_first -Wl -headerpad_max_install_names  -v -Wl -v CMakeFiles/cmTC_d376d.dir/CMakeCXXCompilerABI.cpp.o -o cmTC_d376d ]
  ignore line: [Using built-in specs.]
  ignore line: [COLLECT_GCC=/usr/local/Cellar/gcc/9.2.0_3/bin/g++-9]
  ignore line: [COLLECT_LTO_WRAPPER=/usr/local/Cellar/gcc/9.2.0_3/libexec/gcc/x86_64-apple-darwin19/9.2.0/lto-wrapper]
  ignore line: [Target: x86_64-apple-darwin19]
  ignore line: [Configured with: ../configure --build=x86_64-apple-darwin19 --prefix=/usr/local/Cellar/gcc/9.2.0_3 --libdir=/usr/local/Cellar/gcc/9.2.0_3/lib/gcc/9 --disable-nls --enable-checking=release --enable-languages=c c++ objc obj-c++ fortran --program-suffix=-9 --with-gmp=/usr/local/opt/gmp --with-mpfr=/usr/local/opt/mpfr --with-mpc=/usr/local/opt/libmpc --with-isl=/usr/local/opt/isl --with-system-zlib --with-pkgversion='Homebrew GCC 9.2.0_3' --with-bugurl=https://github.com/Homebrew/homebrew-core/issues --disable-multilib --with-native-system-header-dir=/usr/include --with-sysroot=/Library/Developer/CommandLineTools/SDKs/MacOSX10.15.sdk]
  ignore line: [Thread model: posix]
  ignore line: [gcc version 9.2.0 (Homebrew GCC 9.2.0_3) ]
  ignore line: [COMPILER_PATH=/usr/local/Cellar/gcc/9.2.0_3/libexec/gcc/x86_64-apple-darwin19/9.2.0/:/usr/local/Cellar/gcc/9.2.0_3/libexec/gcc/x86_64-apple-darwin19/9.2.0/:/usr/local/Cellar/gcc/9.2.0_3/libexec/gcc/x86_64-apple-darwin19/:/usr/local/Cellar/gcc/9.2.0_3/lib/gcc/9/gcc/x86_64-apple-darwin19/9.2.0/:/usr/local/Cellar/gcc/9.2.0_3/lib/gcc/9/gcc/x86_64-apple-darwin19/]
  ignore line: [LIBRARY_PATH=/usr/local/Cellar/gcc/9.2.0_3/lib/gcc/9/gcc/x86_64-apple-darwin19/9.2.0/:/usr/local/Cellar/gcc/9.2.0_3/lib/gcc/9/gcc/x86_64-apple-darwin19/9.2.0/../../../]
  ignore line: [COLLECT_GCC_OPTIONS='-isysroot' '/Library/Developer/CommandLineTools/SDKs/MacOSX11.3.sdk' '-v' '-o' 'cmTC_d376d' '-mmacosx-version-min=10.16.0' '-asm_macosx_version_min=10.16' '-shared-libgcc' '-mtune=core2']
  link line: [ /usr/local/Cellar/gcc/9.2.0_3/libexec/gcc/x86_64-apple-darwin19/9.2.0/collect2 -dynamic -arch x86_64 -macosx_version_min 10.16.0 -syslibroot /Library/Developer/CommandLineTools/SDKs/MacOSX11.3.sdk -weak_reference_mismatches non-weak -o cmTC_d376d -L/usr/local/Cellar/gcc/9.2.0_3/lib/gcc/9/gcc/x86_64-apple-darwin19/9.2.0 -L/usr/local/Cellar/gcc/9.2.0_3/lib/gcc/9/gcc/x86_64-apple-darwin19/9.2.0/../../.. -search_paths_first -headerpad_max_install_names -v CMakeFiles/cmTC_d376d.dir/CMakeCXXCompilerABI.cpp.o -lstdc++ -no_compact_unwind -lSystem -lgcc_ext.10.5 -lgcc -lSystem -v]
    arg [/usr/local/Cellar/gcc/9.2.0_3/libexec/gcc/x86_64-apple-darwin19/9.2.0/collect2] ==> ignore
    arg [-dynamic] ==> ignore
    arg [-arch] ==> ignore
    arg [x86_64] ==> ignore
    arg [-macosx_version_min] ==> ignore
    arg [10.16.0] ==> ignore
    arg [-syslibroot] ==> ignore
    arg [/Library/Developer/CommandLineTools/SDKs/MacOSX11.3.sdk] ==> ignore
    arg [-weak_reference_mismatches] ==> ignore
    arg [non-weak] ==> ignore
    arg [-o] ==> ignore
    arg [cmTC_d376d] ==> ignore
    arg [-L/usr/local/Cellar/gcc/9.2.0_3/lib/gcc/9/gcc/x86_64-apple-darwin19/9.2.0] ==> dir [/usr/local/Cellar/gcc/9.2.0_3/lib/gcc/9/gcc/x86_64-apple-darwin19/9.2.0]
    arg [-L/usr/local/Cellar/gcc/9.2.0_3/lib/gcc/9/gcc/x86_64-apple-darwin19/9.2.0/../../..] ==> dir [/usr/local/Cellar/gcc/9.2.0_3/lib/gcc/9/gcc/x86_64-apple-darwin19/9.2.0/../../..]
    arg [-search_paths_first] ==> ignore
    arg [-headerpad_max_install_names] ==> ignore
    arg [-v] ==> ignore
    arg [CMakeFiles/cmTC_d376d.dir/CMakeCXXCompilerABI.cpp.o] ==> ignore
    arg [-lstdc++] ==> lib [stdc++]
    arg [-no_compact_unwind] ==> ignore
    arg [-lSystem] ==> lib [System]
    arg [-lgcc_ext.10.5] ==> lib [gcc_ext.10.5]
    arg [-lgcc] ==> lib [gcc]
    arg [-lSystem] ==> lib [System]
    arg [-v] ==> ignore
  Library search paths: [;/usr/local/Cellar/gcc/9.2.0_3/lib/gcc/9/gcc/x86_64-apple-darwin19/9.2.0;/usr/local/Cellar/gcc/9.2.0_3/lib/gcc/9;/Library/Developer/CommandLineTools/SDKs/MacOSX11.3.sdk/usr/lib]
  Framework search paths: [;/Library/Developer/CommandLineTools/SDKs/MacOSX11.3.sdk/System/Library/Frameworks/]
  remove lib [System]
  remove lib [System]
  collapse library dir [/usr/local/Cellar/gcc/9.2.0_3/lib/gcc/9/gcc/x86_64-apple-darwin19/9.2.0] ==> [/usr/local/Cellar/gcc/9.2.0_3/lib/gcc/9/gcc/x86_64-apple-darwin19/9.2.0]
  collapse library dir [/usr/local/Cellar/gcc/9.2.0_3/lib/gcc/9/gcc/x86_64-apple-darwin19/9.2.0/../../..] ==> [/usr/local/Cellar/gcc/9.2.0_3/lib/gcc/9]
  collapse library dir [/usr/local/Cellar/gcc/9.2.0_3/lib/gcc/9/gcc/x86_64-apple-darwin19/9.2.0] ==> [/usr/local/Cellar/gcc/9.2.0_3/lib/gcc/9/gcc/x86_64-apple-darwin19/9.2.0]
  collapse library dir [/usr/local/Cellar/gcc/9.2.0_3/lib/gcc/9] ==> [/usr/local/Cellar/gcc/9.2.0_3/lib/gcc/9]
  collapse library dir [/Library/Developer/CommandLineTools/SDKs/MacOSX11.3.sdk/usr/lib] ==> [/Library/Developer/CommandLineTools/SDKs/MacOSX11.3.sdk/usr/lib]
  collapse framework dir [/Library/Developer/CommandLineTools/SDKs/MacOSX11.3.sdk/System/Library/Frameworks/] ==> [/Library/Developer/CommandLineTools/SDKs/MacOSX11.3.sdk/System/Library/Frameworks]
  implicit libs: [stdc++;gcc_ext.10.5;gcc]
  implicit objs: []
  implicit dirs: [/usr/local/Cellar/gcc/9.2.0_3/lib/gcc/9/gcc/x86_64-apple-darwin19/9.2.0;/usr/local/Cellar/gcc/9.2.0_3/lib/gcc/9;/Library/Developer/CommandLineTools/SDKs/MacOSX11.3.sdk/usr/lib]
  implicit fwks: [/Library/Developer/CommandLineTools/SDKs/MacOSX11.3.sdk/System/Library/Frameworks]


Determining if the include file pthread.h exists passed with the following output:
Change Dir: /Users/loganschmitt/Documents/21f-pa03-blake-miller-and-logan-schmitt/cmake-build-debug/CMakeFiles/CMakeTmp

Run Build Command(s):/usr/bin/make -f Makefile cmTC_d3ae3/fast && /Library/Developer/CommandLineTools/usr/bin/make  -f CMakeFiles/cmTC_d3ae3.dir/build.make CMakeFiles/cmTC_d3ae3.dir/build
Building C object CMakeFiles/cmTC_d3ae3.dir/CheckIncludeFile.c.o
/Library/Developer/CommandLineTools/usr/bin/cc   -isysroot /Library/Developer/CommandLineTools/SDKs/MacOSX11.3.sdk -MD -MT CMakeFiles/cmTC_d3ae3.dir/CheckIncludeFile.c.o -MF CMakeFiles/cmTC_d3ae3.dir/CheckIncludeFile.c.o.d -o CMakeFiles/cmTC_d3ae3.dir/CheckIncludeFile.c.o -c /Users/loganschmitt/Documents/21f-pa03-blake-miller-and-logan-schmitt/cmake-build-debug/CMakeFiles/CMakeTmp/CheckIncludeFile.c
Linking C executable cmTC_d3ae3
/Applications/CLion.app/Contents/bin/cmake/mac/bin/cmake -E cmake_link_script CMakeFiles/cmTC_d3ae3.dir/link.txt --verbose=1
/Library/Developer/CommandLineTools/usr/bin/cc  -isysroot /Library/Developer/CommandLineTools/SDKs/MacOSX11.3.sdk -Wl,-search_paths_first -Wl,-headerpad_max_install_names CMakeFiles/cmTC_d3ae3.dir/CheckIncludeFile.c.o -o cmTC_d3ae3 



Performing C SOURCE FILE Test CMAKE_HAVE_LIBC_PTHREAD succeeded with the following output:
Change Dir: /Users/loganschmitt/Documents/21f-pa03-blake-miller-and-logan-schmitt/cmake-build-debug/CMakeFiles/CMakeTmp

Run Build Command(s):/usr/bin/make -f Makefile cmTC_704be/fast && /Library/Developer/CommandLineTools/usr/bin/make  -f CMakeFiles/cmTC_704be.dir/build.make CMakeFiles/cmTC_704be.dir/build
Building C object CMakeFiles/cmTC_704be.dir/src.c.o
/Library/Developer/CommandLineTools/usr/bin/cc -DCMAKE_HAVE_LIBC_PTHREAD  -isysroot /Library/Developer/CommandLineTools/SDKs/MacOSX11.3.sdk -MD -MT CMakeFiles/cmTC_704be.dir/src.c.o -MF CMakeFiles/cmTC_704be.dir/src.c.o.d -o CMakeFiles/cmTC_704be.dir/src.c.o -c /Users/loganschmitt/Documents/21f-pa03-blake-miller-and-logan-schmitt/cmake-build-debug/CMakeFiles/CMakeTmp/src.c
Linking C executable cmTC_704be
/Applications/CLion.app/Contents/bin/cmake/mac/bin/cmake -E cmake_link_script CMakeFiles/cmTC_704be.dir/link.txt --verbose=1
/Library/Developer/CommandLineTools/usr/bin/cc  -isysroot /Library/Developer/CommandLineTools/SDKs/MacOSX11.3.sdk -Wl,-search_paths_first -Wl,-headerpad_max_install_names CMakeFiles/cmTC_704be.dir/src.c.o -o cmTC_704be 


Source file was:
#include <pthread.h>

static void* test_func(void* data)
{
  return data;
}

int main(void)
{
  pthread_t thread;
  pthread_create(&thread, NULL, test_func, NULL);
  pthread_detach(thread);
  pthread_cancel(thread);
  pthread_join(thread, NULL);
  pthread_atfork(NULL, NULL, NULL);
  pthread_exit(NULL);

  return 0;
}

